\BOOKMARK [1][-]{section.1}{Introduction}{}% 1
\BOOKMARK [2][-]{subsection.1.1}{System Overview}{section.1}% 2
\BOOKMARK [2][-]{subsection.1.2}{Objectives}{section.1}% 3
\BOOKMARK [2][-]{subsection.1.3}{Scope}{section.1}% 4
\BOOKMARK [2][-]{subsection.1.4}{Scope of the Project}{section.1}% 5
\BOOKMARK [2][-]{subsection.1.5}{Structure of the Report}{section.1}% 6
\BOOKMARK [1][-]{section.2}{System Architecture}{}% 7
\BOOKMARK [2][-]{subsection.2.1}{Overview of System Components}{section.2}% 8
\BOOKMARK [2][-]{subsection.2.2}{Technology Stack and Frameworks}{section.2}% 9
\BOOKMARK [2][-]{subsection.2.3}{Development and DevOps Tools}{section.2}% 10
\BOOKMARK [1][-]{section.3}{Database Design}{}% 11
\BOOKMARK [2][-]{subsection.3.1}{Database Choice}{section.3}% 12
\BOOKMARK [2][-]{subsection.3.2}{Requirements Gathering Process}{section.3}% 13
\BOOKMARK [2][-]{subsection.3.3}{Functional Requirements}{section.3}% 14
\BOOKMARK [2][-]{subsection.3.4}{Non-Functional Requirements}{section.3}% 15
\BOOKMARK [2][-]{subsection.3.5}{Success Criteria}{section.3}% 16
\BOOKMARK [1][-]{section.4}{System Architecture}{}% 17
\BOOKMARK [2][-]{subsection.4.1}{High-Level Architecture}{section.4}% 18
\BOOKMARK [2][-]{subsection.4.2}{Technology Stack}{section.4}% 19
\BOOKMARK [2][-]{subsection.4.3}{Backend Architecture}{section.4}% 20
\BOOKMARK [2][-]{subsection.4.4}{Frontend Architecture}{section.4}% 21
\BOOKMARK [2][-]{subsection.4.5}{AI and Intelligent Components}{section.4}% 22
\BOOKMARK [2][-]{subsection.4.6}{Deployment Architecture}{section.4}% 23
\BOOKMARK [1][-]{section.5}{Backend Design and Implementation}{}% 24
\BOOKMARK [2][-]{subsection.5.1}{Application Entry Point}{section.5}% 25
\BOOKMARK [2][-]{subsection.5.2}{Routing and Middleware}{section.5}% 26
\BOOKMARK [2][-]{subsection.5.3}{Controller Layer}{section.5}% 27
\BOOKMARK [2][-]{subsection.5.4}{Service Layer}{section.5}% 28
\BOOKMARK [2][-]{subsection.5.5}{Database Access Layer}{section.5}% 29
\BOOKMARK [2][-]{subsection.5.6}{Error Handling Strategy}{section.5}% 30
\BOOKMARK [1][-]{section.6}{Data Modeling}{}% 31
\BOOKMARK [2][-]{subsection.6.1}{Database Design Overview}{section.6}% 32
\BOOKMARK [2][-]{subsection.6.2}{Core Entities}{section.6}% 33
\BOOKMARK [2][-]{subsection.6.3}{Relationships and Associations}{section.6}% 34
\BOOKMARK [2][-]{subsection.6.4}{Data Integrity Constraints}{section.6}% 35
\BOOKMARK [2][-]{subsection.6.5}{Data Lifecycle Management}{section.6}% 36
\BOOKMARK [1][-]{section.7}{API Design}{}% 37
\BOOKMARK [2][-]{subsection.7.1}{REST API Principles}{section.7}% 38
\BOOKMARK [2][-]{subsection.7.2}{Authentication and Authorization APIs}{section.7}% 39
\BOOKMARK [2][-]{subsection.7.3}{Habit and Task APIs}{section.7}% 40
\BOOKMARK [2][-]{subsection.7.4}{Scheduling APIs}{section.7}% 41
\BOOKMARK [2][-]{subsection.7.5}{AI Service APIs}{section.7}% 42
\BOOKMARK [2][-]{subsection.7.6}{Messaging and Notification APIs}{section.7}% 43
\BOOKMARK [1][-]{section.8}{AI and Coaching System}{}% 44
\BOOKMARK [2][-]{subsection.8.1}{AI System Overview}{section.8}% 45
\BOOKMARK [2][-]{subsection.8.2}{Prompt Engineering Strategy}{section.8}% 46
\BOOKMARK [2][-]{subsection.8.3}{Assistant Memory Design}{section.8}% 47
\BOOKMARK [2][-]{subsection.8.4}{Safety and Guardrails}{section.8}% 48
\BOOKMARK [2][-]{subsection.8.5}{Future AI Extensions}{section.8}% 49
\BOOKMARK [1][-]{section.9}{Frontend Design and Implementation}{}% 50
\BOOKMARK [2][-]{subsection.9.1}{UI Framework and Design System}{section.9}% 51
\BOOKMARK [2][-]{subsection.9.2}{Application Layout and Navigation}{section.9}% 52
\BOOKMARK [2][-]{subsection.9.3}{Routing and State Management}{section.9}% 53
\BOOKMARK [2][-]{subsection.9.4}{Core Screens and User Flows}{section.9}% 54
\BOOKMARK [2][-]{subsection.9.5}{Accessibility and Responsiveness}{section.9}% 55
\BOOKMARK [1][-]{section.10}{Security and Privacy}{}% 56
\BOOKMARK [2][-]{subsection.10.1}{Authentication Mechanisms}{section.10}% 57
\BOOKMARK [2][-]{subsection.10.2}{Authorization Model}{section.10}% 58
\BOOKMARK [2][-]{subsection.10.3}{Input Validation}{section.10}% 59
\BOOKMARK [2][-]{subsection.10.4}{Data Privacy and Compliance}{section.10}% 60
\BOOKMARK [2][-]{subsection.10.5}{Secrets Management}{section.10}% 61
\BOOKMARK [1][-]{section.11}{Scheduling and Productivity Workflows}{}% 62
\BOOKMARK [2][-]{subsection.11.1}{Habits vs Tasks}{section.11}% 63
\BOOKMARK [2][-]{subsection.11.2}{Smart Scheduling}{section.11}% 64
\BOOKMARK [2][-]{subsection.11.3}{Calendar Integration}{section.11}% 65
\BOOKMARK [2][-]{subsection.11.4}{Progress Tracking}{section.11}% 66
\BOOKMARK [2][-]{subsection.11.5}{Achievements and Motivation}{section.11}% 67
\BOOKMARK [1][-]{section.12}{Community and Communication}{}% 68
\BOOKMARK [2][-]{subsection.12.1}{Friendship Model}{section.12}% 69
\BOOKMARK [2][-]{subsection.12.2}{Group Challenges}{section.12}% 70
\BOOKMARK [2][-]{subsection.12.3}{Messaging System}{section.12}% 71
\BOOKMARK [2][-]{subsection.12.4}{Notifications}{section.12}% 72
\BOOKMARK [2][-]{subsection.12.5}{Moderation Policies}{section.12}% 73
\BOOKMARK [1][-]{section.13}{Testing and Quality Assurance}{}% 74
\BOOKMARK [2][-]{subsection.13.1}{Testing Strategy}{section.13}% 75
\BOOKMARK [2][-]{subsection.13.2}{Unit Testing}{section.13}% 76
\BOOKMARK [2][-]{subsection.13.3}{Integration Testing}{section.13}% 77
\BOOKMARK [2][-]{subsection.13.4}{End-to-End Testing}{section.13}% 78
\BOOKMARK [2][-]{subsection.13.5}{Performance Testing}{section.13}% 79
\BOOKMARK [1][-]{section.14}{Deployment and Operations}{}% 80
\BOOKMARK [2][-]{subsection.14.1}{Environment Configuration}{section.14}% 81
\BOOKMARK [2][-]{subsection.14.2}{Containerization}{section.14}% 82
\BOOKMARK [2][-]{subsection.14.3}{CI/CD Pipeline}{section.14}% 83
\BOOKMARK [2][-]{subsection.14.4}{Scaling Considerations}{section.14}% 84
\BOOKMARK [2][-]{subsection.14.5}{Monitoring and Logging}{section.14}% 85
\BOOKMARK [1][-]{section.15}{Evaluation and Metrics}{}% 86
\BOOKMARK [2][-]{subsection.15.1}{Product Metrics}{section.15}% 87
\BOOKMARK [2][-]{subsection.15.2}{Technical Metrics}{section.15}% 88
\BOOKMARK [2][-]{subsection.15.3}{AI Performance Metrics}{section.15}% 89
\BOOKMARK [2][-]{subsection.15.4}{User Engagement Analysis}{section.15}% 90
\BOOKMARK [1][-]{section.16}{Future Work}{}% 91
\BOOKMARK [2][-]{subsection.16.1}{Feature Enhancements}{section.16}% 92
\BOOKMARK [2][-]{subsection.16.2}{AI Improvements}{section.16}% 93
\BOOKMARK [2][-]{subsection.16.3}{Scalability Roadmap}{section.16}% 94
\BOOKMARK [2][-]{subsection.16.4}{Research Directions}{section.16}% 95
\BOOKMARK [1][-]{section.17}{Ethical Considerations}{}% 96
\BOOKMARK [2][-]{subsection.17.1}{Responsible AI Use}{section.17}% 97
\BOOKMARK [2][-]{subsection.17.2}{User Privacy}{section.17}% 98
\BOOKMARK [2][-]{subsection.17.3}{Bias and Fairness}{section.17}% 99
\BOOKMARK [2][-]{subsection.17.4}{Transparency and Consent}{section.17}% 100
\BOOKMARK [1][-]{section.18}{Conclusion}{}% 101
\BOOKMARK [2][-]{subsection.18.1}{Summary of Contributions}{section.18}% 102
\BOOKMARK [2][-]{subsection.18.2}{Lessons Learned}{section.18}% 103
\BOOKMARK [2][-]{subsection.18.3}{Final Remarks}{section.18}% 104
